<?xml version="1.0" encoding="UTF-8"?>
<!-- Generated by org.testng.reporters.JUnitReportReporter -->
<testsuite hostname="Mohammad" failures="0" tests="1" name="tests.TestScenario" time="22.249" errors="0" timestamp="2024-08-03T10:17:14 IDT" skipped="0">
  <testcase classname="tests.TestScenario" name="scenario" time="22.249"/>
  <system-out/>
</testsuite> <!-- tests.TestScenario -->
