<?xml version="1.0" encoding="UTF-8"?>
<!-- Generated by org.testng.reporters.JUnitReportReporter -->
<testsuite hostname="Mohammad" failures="0" tests="1" name="pages.HomePage" time="1.396" errors="0" timestamp="2024-08-02T21:28:24 IDT" skipped="0">
  <testcase classname="pages.HomePage" name="test" time="1.396"/>
  <system-out/>
</testsuite> <!-- pages.HomePage -->
