<?xml version="1.0" encoding="UTF-8"?>
<!-- Generated by org.testng.reporters.JUnitReportReporter -->
<testsuite hostname="Mohammad" failures="0" tests="1" name="tests.TestScenario" time="21.944" errors="0" timestamp="2024-08-03T12:29:09 IDT" skipped="0">
  <testcase classname="tests.TestScenario" name="scenario" time="21.944"/>
  <system-out/>
</testsuite> <!-- tests.TestScenario -->
