<?xml version="1.0" encoding="UTF-8"?>
<!-- Generated by org.testng.reporters.JUnitReportReporter -->
<testsuite hostname="Mohammad" failures="0" tests="1" name="smokeTest.someTest" time="3.835" errors="0" timestamp="2024-08-02T20:15:09 IDT" skipped="0">
  <testcase classname="smokeTest.someTest" name="tester" time="3.835"/>
  <system-out/>
</testsuite> <!-- smokeTest.someTest -->
